<?xml version="1.0" encoding="UTF-8"?>
<!-- Generated by org.testng.reporters.JUnitReportReporter -->
<testsuite hostname="HVTNDAL0662" failures="0" tests="1" name="testCases.TC_001_AccountRegistrationTest" time="3.660" errors="0" timestamp="2025-07-29T17:07:09 IST" skipped="0">
  <testcase classname="testCases.TC_001_AccountRegistrationTest" name="verifyAccountRegistration" time="3.660"/>
</testsuite> <!-- testCases.TC_001_AccountRegistrationTest -->
