<?xml version="1.0" encoding="UTF-8"?>
<!-- Generated by org.testng.reporters.JUnitReportReporter -->
<testsuite hostname="HVTNDAL0662" failures="0" tests="1" name="testCases.TC_002_LoginTest" time="2.734" errors="0" timestamp="2025-07-29T17:07:09 IST" skipped="0">
  <testcase classname="testCases.TC_002_LoginTest" name="verify_login" time="2.734"/>
</testsuite> <!-- testCases.TC_002_LoginTest -->
