<?xml version="1.0" encoding="UTF-8"?>
<!-- Generated by org.testng.reporters.JUnitReportReporter -->
<testsuite hostname="HVTNDAL0662" failures="0" tests="1" name="testCases.TC_002_LoginTest" time="3.479" errors="0" timestamp="2025-07-29T20:35:19 IST" skipped="0">
  <testcase classname="testCases.TC_002_LoginTest" name="verify_login" time="3.479"/>
</testsuite> <!-- testCases.TC_002_LoginTest -->
